<?xml version="1.0" encoding="UTF-8"?>
<!-- Generated by org.testng.reporters.JUnitReportReporter -->
<testsuite hostname="DESKTOP-C8HK0GU" failures="0" tests="1" name="com.Report.ExtentInfo" time="0.015" errors="0" timestamp="17 May 2018 07:11:26 GMT">
  <testcase classname="com.Report.ExtentInfo" name="createOrderTest" time="0.015"/>
</testsuite> <!-- com.Report.ExtentInfo -->
